\BOOKMARK [0][-]{chapter.1}{\376\377\000D\000a\000t\000a\000\040\000S\000t\000r\000u\000c\000t\000u\000r\000e\000\040\000I\000n\000d\000e\000x}{}
\BOOKMARK [1][-]{section.1.1}{\376\377\000D\000a\000t\000a\000\040\000S\000t\000r\000u\000c\000t\000u\000r\000e\000s}{chapter.1}
\BOOKMARK [0][-]{chapter.2}{\376\377\000F\000i\000l\000e\000\040\000I\000n\000d\000e\000x}{}
\BOOKMARK [1][-]{section.2.1}{\376\377\000F\000i\000l\000e\000\040\000L\000i\000s\000t}{chapter.2}
\BOOKMARK [0][-]{chapter.3}{\376\377\000D\000a\000t\000a\000\040\000S\000t\000r\000u\000c\000t\000u\000r\000e\000\040\000D\000o\000c\000u\000m\000e\000n\000t\000a\000t\000i\000o\000n}{}
\BOOKMARK [1][-]{section.3.1}{\376\377\000E\000l\000f\000\137\000A\000r\000h\000d\000r\000\040\000S\000t\000r\000u\000c\000t\000\040\000R\000e\000f\000e\000r\000e\000n\000c\000e}{chapter.3}
\BOOKMARK [2][-]{subsection.3.1.1}{\376\377\000D\000e\000t\000a\000i\000l\000e\000d\000\040\000D\000e\000s\000c\000r\000i\000p\000t\000i\000o\000n}{section.3.1}
\BOOKMARK [2][-]{subsection.3.1.2}{\376\377\000F\000i\000e\000l\000d\000\040\000D\000o\000c\000u\000m\000e\000n\000t\000a\000t\000i\000o\000n}{section.3.1}
\BOOKMARK [3][-]{subsubsection.3.1.2.1}{\376\377\000a\000r\000\137\000d\000a\000t\000e}{subsection.3.1.2}
\BOOKMARK [3][-]{subsubsection.3.1.2.2}{\376\377\000a\000r\000\137\000g\000i\000d}{subsection.3.1.2}
\BOOKMARK [3][-]{subsubsection.3.1.2.3}{\376\377\000a\000r\000\137\000m\000o\000d\000e}{subsection.3.1.2}
\BOOKMARK [3][-]{subsubsection.3.1.2.4}{\376\377\000a\000r\000\137\000n\000a\000m\000e}{subsection.3.1.2}
\BOOKMARK [3][-]{subsubsection.3.1.2.5}{\376\377\000a\000r\000\137\000r\000a\000w\000n\000a\000m\000e}{subsection.3.1.2}
\BOOKMARK [3][-]{subsubsection.3.1.2.6}{\376\377\000a\000r\000\137\000s\000i\000z\000e}{subsection.3.1.2}
\BOOKMARK [3][-]{subsubsection.3.1.2.7}{\376\377\000a\000r\000\137\000u\000i\000d}{subsection.3.1.2}
\BOOKMARK [1][-]{section.3.2}{\376\377\000E\000l\000f\000\137\000A\000r\000s\000y\000m\000\040\000S\000t\000r\000u\000c\000t\000\040\000R\000e\000f\000e\000r\000e\000n\000c\000e}{chapter.3}
\BOOKMARK [2][-]{subsection.3.2.1}{\376\377\000D\000e\000t\000a\000i\000l\000e\000d\000\040\000D\000e\000s\000c\000r\000i\000p\000t\000i\000o\000n}{section.3.2}
\BOOKMARK [2][-]{subsection.3.2.2}{\376\377\000F\000i\000e\000l\000d\000\040\000D\000o\000c\000u\000m\000e\000n\000t\000a\000t\000i\000o\000n}{section.3.2}
\BOOKMARK [3][-]{subsubsection.3.2.2.1}{\376\377\000a\000s\000\137\000h\000a\000s\000h}{subsection.3.2.2}
\BOOKMARK [3][-]{subsubsection.3.2.2.2}{\376\377\000a\000s\000\137\000n\000a\000m\000e}{subsection.3.2.2}
\BOOKMARK [3][-]{subsubsection.3.2.2.3}{\376\377\000a\000s\000\137\000o\000f\000f}{subsection.3.2.2}
\BOOKMARK [1][-]{section.3.3}{\376\377\000E\000l\000f\000\137\000D\000a\000t\000a\000\040\000S\000t\000r\000u\000c\000t\000\040\000R\000e\000f\000e\000r\000e\000n\000c\000e}{chapter.3}
\BOOKMARK [2][-]{subsection.3.3.1}{\376\377\000D\000e\000t\000a\000i\000l\000e\000d\000\040\000D\000e\000s\000c\000r\000i\000p\000t\000i\000o\000n}{section.3.3}
\BOOKMARK [2][-]{subsection.3.3.2}{\376\377\000F\000i\000e\000l\000d\000\040\000D\000o\000c\000u\000m\000e\000n\000t\000a\000t\000i\000o\000n}{section.3.3}
\BOOKMARK [3][-]{subsubsection.3.3.2.1}{\376\377\000d\000\137\000a\000l\000i\000g\000n}{subsection.3.3.2}
\BOOKMARK [3][-]{subsubsection.3.3.2.2}{\376\377\000d\000\137\000b\000u\000f}{subsection.3.3.2}
\BOOKMARK [3][-]{subsubsection.3.3.2.3}{\376\377\000d\000\137\000o\000f\000f}{subsection.3.3.2}
\BOOKMARK [3][-]{subsubsection.3.3.2.4}{\376\377\000d\000\137\000s\000i\000z\000e}{subsection.3.3.2}
\BOOKMARK [3][-]{subsubsection.3.3.2.5}{\376\377\000d\000\137\000t\000y\000p\000e}{subsection.3.3.2}
\BOOKMARK [3][-]{subsubsection.3.3.2.6}{\376\377\000d\000\137\000v\000e\000r\000s\000i\000o\000n}{subsection.3.3.2}
\BOOKMARK [1][-]{section.3.4}{\376\377\000M\000e\000m\000Z\000o\000n\000e\000\040\000S\000t\000r\000u\000c\000t\000\040\000R\000e\000f\000e\000r\000e\000n\000c\000e}{chapter.3}
\BOOKMARK [2][-]{subsection.3.4.1}{\376\377\000D\000e\000t\000a\000i\000l\000e\000d\000\040\000D\000e\000s\000c\000r\000i\000p\000t\000i\000o\000n}{section.3.4}
\BOOKMARK [2][-]{subsection.3.4.2}{\376\377\000F\000i\000e\000l\000d\000\040\000D\000o\000c\000u\000m\000e\000n\000t\000a\000t\000i\000o\000n}{section.3.4}
\BOOKMARK [3][-]{subsubsection.3.4.2.1}{\376\377\000d\000a\000t\000a}{subsection.3.4.2}
\BOOKMARK [3][-]{subsubsection.3.4.2.2}{\376\377\000e\000x\000p\000o\000r\000t\000S\000e\000c\000t\000i\000o\000n}{subsection.3.4.2}
\BOOKMARK [3][-]{subsubsection.3.4.2.3}{\376\377\000i\000n\000d\000e\000x}{subsection.3.4.2}
\BOOKMARK [3][-]{subsubsection.3.4.2.4}{\376\377\000m\000e\000m\000\137\000s\000t\000a\000r\000t}{subsection.3.4.2}
\BOOKMARK [3][-]{subsubsection.3.4.2.5}{\376\377\000n\000a\000m\000e}{subsection.3.4.2}
\BOOKMARK [3][-]{subsubsection.3.4.2.6}{\376\377\000r\000e\000l\000\137\000n\000a\000m\000e}{subsection.3.4.2}
\BOOKMARK [3][-]{subsubsection.3.4.2.7}{\376\377\000r\000e\000l\000\137\000s\000c\000n}{subsection.3.4.2}
\BOOKMARK [3][-]{subsubsection.3.4.2.8}{\376\377\000s\000c\000n}{subsection.3.4.2}
\BOOKMARK [3][-]{subsubsection.3.4.2.9}{\376\377\000s\000i\000z\000e}{subsection.3.4.2}
\BOOKMARK [3][-]{subsubsection.3.4.2.10}{\376\377\000t\000y\000p\000e}{subsection.3.4.2}
\BOOKMARK [1][-]{section.3.5}{\376\377\000m\000i\000p\000s\000\040\000S\000t\000r\000u\000c\000t\000\040\000R\000e\000f\000e\000r\000e\000n\000c\000e}{chapter.3}
\BOOKMARK [2][-]{subsection.3.5.1}{\376\377\000D\000e\000t\000a\000i\000l\000e\000d\000\040\000D\000e\000s\000c\000r\000i\000p\000t\000i\000o\000n}{section.3.5}
\BOOKMARK [2][-]{subsection.3.5.2}{\376\377\000F\000i\000e\000l\000d\000\040\000D\000o\000c\000u\000m\000e\000n\000t\000a\000t\000i\000o\000n}{section.3.5}
\BOOKMARK [3][-]{subsubsection.3.5.2.1}{\376\377\000r\000e\000g}{subsection.3.5.2}
\BOOKMARK [3][-]{subsubsection.3.5.2.2}{\376\377\000s\000e\000g\000m\000e\000n\000t}{subsection.3.5.2}
\BOOKMARK [1][-]{section.3.6}{\376\377\000n\000o\000d\000e\000S\000y\000m\000b\000o\000l\000\040\000S\000t\000r\000u\000c\000t\000\040\000R\000e\000f\000e\000r\000e\000n\000c\000e}{chapter.3}
\BOOKMARK [2][-]{subsection.3.6.1}{\376\377\000D\000e\000t\000a\000i\000l\000e\000d\000\040\000D\000e\000s\000c\000r\000i\000p\000t\000i\000o\000n}{section.3.6}
\BOOKMARK [2][-]{subsection.3.6.2}{\376\377\000F\000i\000e\000l\000d\000\040\000D\000o\000c\000u\000m\000e\000n\000t\000a\000t\000i\000o\000n}{section.3.6}
\BOOKMARK [3][-]{subsubsection.3.6.2.1}{\376\377\000a\000d\000r}{subsection.3.6.2}
\BOOKMARK [3][-]{subsubsection.3.6.2.2}{\376\377\000n\000a\000m\000e}{subsection.3.6.2}
\BOOKMARK [3][-]{subsubsection.3.6.2.3}{\376\377\000s\000u\000i\000v}{subsection.3.6.2}
\BOOKMARK [1][-]{section.3.7}{\376\377\000r\000e\000g\000i\000s\000t\000r\000e\000\040\000S\000t\000r\000u\000c\000t\000\040\000R\000e\000f\000e\000r\000e\000n\000c\000e}{chapter.3}
\BOOKMARK [2][-]{subsection.3.7.1}{\376\377\000D\000e\000t\000a\000i\000l\000e\000d\000\040\000D\000e\000s\000c\000r\000i\000p\000t\000i\000o\000n}{section.3.7}
\BOOKMARK [2][-]{subsection.3.7.2}{\376\377\000F\000i\000e\000l\000d\000\040\000D\000o\000c\000u\000m\000e\000n\000t\000a\000t\000i\000o\000n}{section.3.7}
\BOOKMARK [3][-]{subsubsection.3.7.2.1}{\376\377\000i\000n\000d\000i\000c\000e}{subsection.3.7.2}
\BOOKMARK [3][-]{subsubsection.3.7.2.2}{\376\377\000m\000n\000e\000m\000o}{subsection.3.7.2}
\BOOKMARK [3][-]{subsubsection.3.7.2.3}{\376\377\000v\000a\000l}{subsection.3.7.2}
\BOOKMARK [1][-]{section.3.8}{\376\377\000S\000e\000c\000t\000i\000o\000n\000E\000L\000F\000\040\000S\000t\000r\000u\000c\000t\000\040\000R\000e\000f\000e\000r\000e\000n\000c\000e}{chapter.3}
\BOOKMARK [2][-]{subsection.3.8.1}{\376\377\000D\000e\000t\000a\000i\000l\000e\000d\000\040\000D\000e\000s\000c\000r\000i\000p\000t\000i\000o\000n}{section.3.8}
\BOOKMARK [2][-]{subsection.3.8.2}{\376\377\000F\000i\000e\000l\000d\000\040\000D\000o\000c\000u\000m\000e\000n\000t\000a\000t\000i\000o\000n}{section.3.8}
\BOOKMARK [3][-]{subsubsection.3.8.2.1}{\376\377\000d\000a\000t\000a}{subsection.3.8.2}
\BOOKMARK [3][-]{subsubsection.3.8.2.2}{\376\377\000n\000a\000m\000e}{subsection.3.8.2}
\BOOKMARK [3][-]{subsubsection.3.8.2.3}{\376\377\000s\000i\000z\000e}{subsection.3.8.2}
\BOOKMARK [3][-]{subsubsection.3.8.2.4}{\376\377\000s\000t\000a\000r\000t\000A\000d\000d\000r\000e\000s\000s}{subsection.3.8.2}
\BOOKMARK [0][-]{chapter.4}{\376\377\000F\000i\000l\000e\000\040\000D\000o\000c\000u\000m\000e\000n\000t\000a\000t\000i\000o\000n}{}
\BOOKMARK [1][-]{section.4.1}{\376\377\000/\000h\000o\000m\000e\000/\000b\000e\000n\000\137\000j\000a\000h\000/\000B\000u\000r\000e\000a\000u\000/\000P\000r\000o\000j\000e\000t\000\137\000i\000n\000f\000o\000r\000m\000a\000t\000i\000q\000u\000e\000/\000s\000t\000e\000p\0002\000/\000i\000n\000c\000l\000u\000d\000e\000/\000c\000m\000d\000S\000e\000a\000r\000c\000h\000.\000h\000\040\000F\000i\000l\000e\000\040\000R\000e\000f\000e\000r\000e\000n\000c\000e}{chapter.4}
\BOOKMARK [2][-]{subsection.4.1.1}{\376\377\000F\000u\000n\000c\000t\000i\000o\000n\000\040\000D\000o\000c\000u\000m\000e\000n\000t\000a\000t\000i\000o\000n}{section.4.1}
\BOOKMARK [3][-]{subsubsection.4.1.1.1}{\376\377\000c\000m\000d\000S\000e\000a\000r\000c\000h}{subsection.4.1.1}
\BOOKMARK [1][-]{section.4.2}{\376\377\000/\000h\000o\000m\000e\000/\000b\000e\000n\000\137\000j\000a\000h\000/\000B\000u\000r\000e\000a\000u\000/\000P\000r\000o\000j\000e\000t\000\137\000i\000n\000f\000o\000r\000m\000a\000t\000i\000q\000u\000e\000/\000s\000t\000e\000p\0002\000/\000i\000n\000c\000l\000u\000d\000e\000/\000c\000o\000n\000s\000t\000a\000n\000t\000e\000s\000.\000h\000\040\000F\000i\000l\000e\000\040\000R\000e\000f\000e\000r\000e\000n\000c\000e}{chapter.4}
\BOOKMARK [2][-]{subsection.4.2.1}{\376\377\000D\000e\000f\000i\000n\000e\000\040\000D\000o\000c\000u\000m\000e\000n\000t\000a\000t\000i\000o\000n}{section.4.2}
\BOOKMARK [3][-]{subsubsection.4.2.1.1}{\376\377\000C\000M\000D\000\137\000E\000M\000P\000T\000Y\000\137\000R\000E\000T\000U\000R\000N\000\137\000V\000A\000L\000U\000E}{subsection.4.2.1}
\BOOKMARK [3][-]{subsubsection.4.2.1.2}{\376\377\000C\000M\000D\000\137\000E\000X\000I\000T\000\137\000R\000E\000T\000U\000R\000N\000\137\000V\000A\000L\000U\000E}{subsection.4.2.1}
\BOOKMARK [3][-]{subsubsection.4.2.1.3}{\376\377\000C\000M\000D\000\137\000O\000K\000\137\000R\000E\000T\000U\000R\000N\000\137\000V\000A\000L\000U\000E}{subsection.4.2.1}
\BOOKMARK [3][-]{subsubsection.4.2.1.4}{\376\377\000C\000M\000D\000\137\000U\000N\000K\000O\000W\000N\000\137\000R\000E\000T\000U\000R\000N\000\137\000V\000A\000L\000U\000E}{subsection.4.2.1}
\BOOKMARK [3][-]{subsubsection.4.2.1.5}{\376\377\000M\000A\000X\000\137\000S\000T\000R}{subsection.4.2.1}
\BOOKMARK [3][-]{subsubsection.4.2.1.6}{\376\377\000P\000R\000O\000M\000P\000T\000\137\000S\000T\000R\000I\000N\000G}{subsection.4.2.1}
\BOOKMARK [1][-]{section.4.3}{\376\377\000/\000h\000o\000m\000e\000/\000b\000e\000n\000\137\000j\000a\000h\000/\000B\000u\000r\000e\000a\000u\000/\000P\000r\000o\000j\000e\000t\000\137\000i\000n\000f\000o\000r\000m\000a\000t\000i\000q\000u\000e\000/\000s\000t\000e\000p\0002\000/\000i\000n\000c\000l\000u\000d\000e\000/\000e\000l\000f\000i\000m\000p\000o\000r\000t\000.\000h\000\040\000F\000i\000l\000e\000\040\000R\000e\000f\000e\000r\000e\000n\000c\000e}{chapter.4}
\BOOKMARK [2][-]{subsection.4.3.1}{\376\377\000D\000e\000f\000i\000n\000e\000\040\000D\000o\000c\000u\000m\000e\000n\000t\000a\000t\000i\000o\000n}{section.4.3}
\BOOKMARK [3][-]{subsubsection.4.3.1.1}{\376\377\000R\000\137\000M\000I\000P\000S\000\137\0001\0006}{subsection.4.3.1}
\BOOKMARK [3][-]{subsubsection.4.3.1.2}{\376\377\000R\000\137\000M\000I\000P\000S\000\137\0002\0006}{subsection.4.3.1}
\BOOKMARK [3][-]{subsubsection.4.3.1.3}{\376\377\000R\000\137\000M\000I\000P\000S\000\137\0003\0002}{subsection.4.3.1}
\BOOKMARK [3][-]{subsubsection.4.3.1.4}{\376\377\000R\000\137\000M\000I\000P\000S\000\137\000C\000A\000L\000L\0001\0006}{subsection.4.3.1}
\BOOKMARK [3][-]{subsubsection.4.3.1.5}{\376\377\000R\000\137\000M\000I\000P\000S\000\137\000C\000A\000L\000L\000H\000I\0001\0006}{subsection.4.3.1}
\BOOKMARK [3][-]{subsubsection.4.3.1.6}{\376\377\000R\000\137\000M\000I\000P\000S\000\137\000C\000A\000L\000L\000L\000O\0001\0006}{subsection.4.3.1}
\BOOKMARK [3][-]{subsubsection.4.3.1.7}{\376\377\000R\000\137\000M\000I\000P\000S\000\137\000G\000O\000T\0001\0006}{subsection.4.3.1}
\BOOKMARK [3][-]{subsubsection.4.3.1.8}{\376\377\000R\000\137\000M\000I\000P\000S\000\137\000G\000O\000T\000H\000I\0001\0006}{subsection.4.3.1}
\BOOKMARK [3][-]{subsubsection.4.3.1.9}{\376\377\000R\000\137\000M\000I\000P\000S\000\137\000G\000O\000T\000L\000O\0001\0006}{subsection.4.3.1}
\BOOKMARK [3][-]{subsubsection.4.3.1.10}{\376\377\000R\000\137\000M\000I\000P\000S\000\137\000G\000P\000R\000E\000L\0001\0006}{subsection.4.3.1}
\BOOKMARK [3][-]{subsubsection.4.3.1.11}{\376\377\000R\000\137\000M\000I\000P\000S\000\137\000G\000P\000R\000E\000L\0003\0002}{subsection.4.3.1}
\BOOKMARK [3][-]{subsubsection.4.3.1.12}{\376\377\000R\000\137\000M\000I\000P\000S\000\137\000H\000I\0001\0006}{subsection.4.3.1}
\BOOKMARK [3][-]{subsubsection.4.3.1.13}{\376\377\000R\000\137\000M\000I\000P\000S\000\137\000L\000I\000T\000E\000R\000A\000L}{subsection.4.3.1}
\BOOKMARK [3][-]{subsubsection.4.3.1.14}{\376\377\000R\000\137\000M\000I\000P\000S\000\137\000L\000O\0001\0006}{subsection.4.3.1}
\BOOKMARK [3][-]{subsubsection.4.3.1.15}{\376\377\000R\000\137\000M\000I\000P\000S\000\137\000N\000O\000N\000E}{subsection.4.3.1}
\BOOKMARK [3][-]{subsubsection.4.3.1.16}{\376\377\000R\000\137\000M\000I\000P\000S\000\137\000P\000C\0001\0006}{subsection.4.3.1}
\BOOKMARK [3][-]{subsubsection.4.3.1.17}{\376\377\000R\000\137\000M\000I\000P\000S\000\137\000R\000E\000L\0003\0002}{subsection.4.3.1}
\BOOKMARK [1][-]{section.4.4}{\376\377\000/\000h\000o\000m\000e\000/\000b\000e\000n\000\137\000j\000a\000h\000/\000B\000u\000r\000e\000a\000u\000/\000P\000r\000o\000j\000e\000t\000\137\000i\000n\000f\000o\000r\000m\000a\000t\000i\000q\000u\000e\000/\000s\000t\000e\000p\0002\000/\000i\000n\000c\000l\000u\000d\000e\000/\000f\000o\000n\000c\000t\000i\000o\000n\000s\000.\000h\000\040\000F\000i\000l\000e\000\040\000R\000e\000f\000e\000r\000e\000n\000c\000e}{chapter.4}
\BOOKMARK [2][-]{subsection.4.4.1}{\376\377\000F\000u\000n\000c\000t\000i\000o\000n\000\040\000D\000o\000c\000u\000m\000e\000n\000t\000a\000t\000i\000o\000n}{section.4.4}
\BOOKMARK [3][-]{subsubsection.4.4.1.1}{\376\377\000a\000c\000q\000u\000i\000r\000e\000\137\000l\000i\000n\000e}{subsection.4.4.1}
\BOOKMARK [3][-]{subsubsection.4.4.1.2}{\376\377\000e\000x\000e\000c\000u\000t\000e\000\137\000c\000m\000d\000\137\000e\000x\000i\000t}{subsection.4.4.1}
\BOOKMARK [3][-]{subsubsection.4.4.1.3}{\376\377\000e\000x\000e\000c\000u\000t\000e\000\137\000c\000m\000d\000\137\000t\000e\000s\000t\000c\000m\000d}{subsection.4.4.1}
\BOOKMARK [3][-]{subsubsection.4.4.1.4}{\376\377\000p\000a\000r\000s\000e\000\137\000a\000n\000d\000\137\000e\000x\000e\000c\000u\000t\000e\000\137\000c\000m\000d\000\137\000e\000x\000i\000t}{subsection.4.4.1}
\BOOKMARK [3][-]{subsubsection.4.4.1.5}{\376\377\000p\000a\000r\000s\000e\000\137\000a\000n\000d\000\137\000e\000x\000e\000c\000u\000t\000e\000\137\000c\000m\000d\000\137\000s\000t\000r\000i\000n\000g}{subsection.4.4.1}
\BOOKMARK [3][-]{subsubsection.4.4.1.6}{\376\377\000p\000a\000r\000s\000e\000\137\000a\000n\000d\000\137\000e\000x\000e\000c\000u\000t\000e\000\137\000c\000m\000d\000\137\000t\000e\000s\000t\000c\000m\000d}{subsection.4.4.1}
\BOOKMARK [3][-]{subsubsection.4.4.1.7}{\376\377\000u\000s\000a\000g\000e\000\137\000E\000R\000R\000O\000R\000\137\000M\000S\000G}{subsection.4.4.1}
\BOOKMARK [1][-]{section.4.5}{\376\377\000/\000h\000o\000m\000e\000/\000b\000e\000n\000\137\000j\000a\000h\000/\000B\000u\000r\000e\000a\000u\000/\000P\000r\000o\000j\000e\000t\000\137\000i\000n\000f\000o\000r\000m\000a\000t\000i\000q\000u\000e\000/\000s\000t\000e\000p\0002\000/\000i\000n\000c\000l\000u\000d\000e\000/\000f\000o\000n\000c\000t\000i\000o\000n\000s\000S\000t\000e\000p\0001\000.\000h\000\040\000F\000i\000l\000e\000\040\000R\000e\000f\000e\000r\000e\000n\000c\000e}{chapter.4}
\BOOKMARK [2][-]{subsection.4.5.1}{\376\377\000F\000u\000n\000c\000t\000i\000o\000n\000\040\000D\000o\000c\000u\000m\000e\000n\000t\000a\000t\000i\000o\000n}{section.4.5}
\BOOKMARK [3][-]{subsubsection.4.5.1.1}{\376\377\000e\000x\000e\000c\000u\000t\000e\000\137\000c\000m\000d\000\137\000d\000a}{subsection.4.5.1}
\BOOKMARK [3][-]{subsubsection.4.5.1.2}{\376\377\000e\000x\000e\000c\000u\000t\000e\000\137\000c\000m\000d\000\137\000d\000m}{subsection.4.5.1}
\BOOKMARK [3][-]{subsubsection.4.5.1.3}{\376\377\000e\000x\000e\000c\000u\000t\000e\000\137\000c\000m\000d\000\137\000l\000m}{subsection.4.5.1}
\BOOKMARK [3][-]{subsubsection.4.5.1.4}{\376\377\000e\000x\000e\000c\000u\000t\000e\000\137\000c\000m\000d\000\137\000l\000p}{subsection.4.5.1}
\BOOKMARK [3][-]{subsubsection.4.5.1.5}{\376\377\000i\000n\000i\000t\000\137\000m\000i\000p\000s}{subsection.4.5.1}
\BOOKMARK [3][-]{subsubsection.4.5.1.6}{\376\377\000i\000n\000i\000t\000\137\000s\000e\000g\000m\000e\000n\000t}{subsection.4.5.1}
\BOOKMARK [3][-]{subsubsection.4.5.1.7}{\376\377\000p\000a\000r\000s\000e\000\137\000a\000n\000d\000\137\000e\000x\000e\000c\000u\000t\000e\000\137\000c\000m\000d\000\137\000d\000a}{subsection.4.5.1}
\BOOKMARK [3][-]{subsubsection.4.5.1.8}{\376\377\000p\000a\000r\000s\000e\000\137\000a\000n\000d\000\137\000e\000x\000e\000c\000u\000t\000e\000\137\000c\000m\000d\000\137\000d\000m}{subsection.4.5.1}
\BOOKMARK [3][-]{subsubsection.4.5.1.9}{\376\377\000p\000a\000r\000s\000e\000\137\000a\000n\000d\000\137\000e\000x\000e\000c\000u\000t\000e\000\137\000c\000m\000d\000\137\000l\000m}{subsection.4.5.1}
\BOOKMARK [3][-]{subsubsection.4.5.1.10}{\376\377\000p\000a\000r\000s\000e\000\137\000a\000n\000d\000\137\000e\000x\000e\000c\000u\000t\000e\000\137\000c\000m\000d\000\137\000l\000p}{subsection.4.5.1}
\BOOKMARK [1][-]{section.4.6}{\376\377\000/\000h\000o\000m\000e\000/\000b\000e\000n\000\137\000j\000a\000h\000/\000B\000u\000r\000e\000a\000u\000/\000P\000r\000o\000j\000e\000t\000\137\000i\000n\000f\000o\000r\000m\000a\000t\000i\000q\000u\000e\000/\000s\000t\000e\000p\0002\000/\000i\000n\000c\000l\000u\000d\000e\000/\000f\000o\000n\000c\000t\000i\000o\000n\000s\000S\000t\000e\000p\0002\000.\000h\000\040\000F\000i\000l\000e\000\040\000R\000e\000f\000e\000r\000e\000n\000c\000e}{chapter.4}
\BOOKMARK [2][-]{subsection.4.6.1}{\376\377\000F\000u\000n\000c\000t\000i\000o\000n\000\040\000D\000o\000c\000u\000m\000e\000n\000t\000a\000t\000i\000o\000n}{section.4.6}
\BOOKMARK [3][-]{subsubsection.4.6.1.1}{\376\377\000c\000m\000d\000S\000e\000a\000r\000c\000h}{subsection.4.6.1}
\BOOKMARK [3][-]{subsubsection.4.6.1.2}{\376\377\000e\000x\000e\000c\000u\000t\000e\000\137\000c\000m\000d\000\137\000d\000r}{subsection.4.6.1}
\BOOKMARK [3][-]{subsubsection.4.6.1.3}{\376\377\000e\000x\000e\000c\000u\000t\000e\000\137\000c\000m\000d\000\137\000l\000r}{subsection.4.6.1}
\BOOKMARK [3][-]{subsubsection.4.6.1.4}{\376\377\000g\000e\000t\000b\000i\000t\000s}{subsection.4.6.1}
\BOOKMARK [3][-]{subsubsection.4.6.1.5}{\376\377\000p\000a\000r\000s\000e\000\137\000a\000n\000d\000\137\000e\000x\000e\000c\000u\000t\000e\000\137\000c\000m\000d\000\137\000d\000r}{subsection.4.6.1}
\BOOKMARK [3][-]{subsubsection.4.6.1.6}{\376\377\000p\000a\000r\000s\000e\000\137\000a\000n\000d\000\137\000e\000x\000e\000c\000u\000t\000e\000\137\000c\000m\000d\000\137\000l\000r}{subsection.4.6.1}
\BOOKMARK [1][-]{section.4.7}{\376\377\000/\000h\000o\000m\000e\000/\000b\000e\000n\000\137\000j\000a\000h\000/\000B\000u\000r\000e\000a\000u\000/\000P\000r\000o\000j\000e\000t\000\137\000i\000n\000f\000o\000r\000m\000a\000t\000i\000q\000u\000e\000/\000s\000t\000e\000p\0002\000/\000i\000n\000c\000l\000u\000d\000e\000/\000g\000l\000o\000b\000a\000l\000.\000h\000\040\000F\000i\000l\000e\000\040\000R\000e\000f\000e\000r\000e\000n\000c\000e}{chapter.4}
\BOOKMARK [2][-]{subsection.4.7.1}{\376\377\000D\000e\000f\000i\000n\000e\000\040\000D\000o\000c\000u\000m\000e\000n\000t\000a\000t\000i\000o\000n}{section.4.7}
\BOOKMARK [3][-]{subsubsection.4.7.1.1}{\376\377\000T\000A\000I\000L\000L\000E\000M\000E\000M}{subsection.4.7.1}
\BOOKMARK [3][-]{subsubsection.4.7.1.2}{\376\377\000T\000A\000I\000L\000L\000E\000S\000E\000G\000M\000E\000N\000T}{subsection.4.7.1}
\BOOKMARK [2][-]{subsection.4.7.2}{\376\377\000T\000y\000p\000e\000d\000e\000f\000\040\000D\000o\000c\000u\000m\000e\000n\000t\000a\000t\000i\000o\000n}{section.4.7}
\BOOKMARK [3][-]{subsubsection.4.7.2.1}{\376\377\000B\000Y\000T\000E}{subsection.4.7.2}
\BOOKMARK [3][-]{subsubsection.4.7.2.2}{\376\377\000W\000O\000R\000D}{subsection.4.7.2}
\BOOKMARK [1][-]{section.4.8}{\376\377\000/\000h\000o\000m\000e\000/\000b\000e\000n\000\137\000j\000a\000h\000/\000B\000u\000r\000e\000a\000u\000/\000P\000r\000o\000j\000e\000t\000\137\000i\000n\000f\000o\000r\000m\000a\000t\000i\000q\000u\000e\000/\000s\000t\000e\000p\0002\000/\000i\000n\000c\000l\000u\000d\000e\000/\000l\000i\000b\000e\000l\000f\000.\000h\000\040\000F\000i\000l\000e\000\040\000R\000e\000f\000e\000r\000e\000n\000c\000e}{chapter.4}
\BOOKMARK [2][-]{subsection.4.8.1}{\376\377\000D\000e\000f\000i\000n\000e\000\040\000D\000o\000c\000u\000m\000e\000n\000t\000a\000t\000i\000o\000n}{section.4.8}
\BOOKMARK [3][-]{subsubsection.4.8.1.1}{\376\377\000E\000L\000F\000\137\000F\000\137\000D\000I\000R\000T\000Y}{subsection.4.8.1}
\BOOKMARK [3][-]{subsubsection.4.8.1.2}{\376\377\000E\000L\000F\000\137\000F\000\137\000L\000A\000Y\000O\000U\000T}{subsection.4.8.1}
\BOOKMARK [3][-]{subsubsection.4.8.1.3}{\376\377\000E\000L\000F\000\137\000F\000\137\000P\000E\000R\000M\000I\000S\000S\000I\000V\000E}{subsection.4.8.1}
\BOOKMARK [2][-]{subsection.4.8.2}{\376\377\000T\000y\000p\000e\000d\000e\000f\000\040\000D\000o\000c\000u\000m\000e\000n\000t\000a\000t\000i\000o\000n}{section.4.8}
\BOOKMARK [3][-]{subsubsection.4.8.2.1}{\376\377\000E\000l\000f}{subsection.4.8.2}
\BOOKMARK [3][-]{subsubsection.4.8.2.2}{\376\377\000E\000l\000f\000\137\000S\000c\000n}{subsection.4.8.2}
\BOOKMARK [2][-]{subsection.4.8.3}{\376\377\000E\000n\000u\000m\000e\000r\000a\000t\000i\000o\000n\000\040\000T\000y\000p\000e\000\040\000D\000o\000c\000u\000m\000e\000n\000t\000a\000t\000i\000o\000n}{section.4.8}
\BOOKMARK [3][-]{subsubsection.4.8.3.1}{\376\377\000a\000n\000o\000n\000y\000m\000o\000u\000s\000\040\000e\000n\000u\000m}{subsection.4.8.3}
\BOOKMARK [3][-]{subsubsection.4.8.3.2}{\376\377\000E\000l\000f\000\137\000C\000m\000d}{subsection.4.8.3}
\BOOKMARK [3][-]{subsubsection.4.8.3.3}{\376\377\000E\000l\000f\000\137\000K\000i\000n\000d}{subsection.4.8.3}
\BOOKMARK [3][-]{subsubsection.4.8.3.4}{\376\377\000E\000l\000f\000\137\000T\000y\000p\000e}{subsection.4.8.3}
\BOOKMARK [2][-]{subsection.4.8.4}{\376\377\000F\000u\000n\000c\000t\000i\000o\000n\000\040\000D\000o\000c\000u\000m\000e\000n\000t\000a\000t\000i\000o\000n}{section.4.8}
\BOOKMARK [3][-]{subsubsection.4.8.4.1}{\376\377\000e\000l\000f\0003\0002\000\137\000c\000h\000e\000c\000k\000s\000u\000m}{subsection.4.8.4}
\BOOKMARK [3][-]{subsubsection.4.8.4.2}{\376\377\000e\000l\000f\0003\0002\000\137\000f\000s\000i\000z\000e}{subsection.4.8.4}
\BOOKMARK [3][-]{subsubsection.4.8.4.3}{\376\377\000e\000l\000f\0003\0002\000\137\000g\000e\000t\000e\000h\000d\000r}{subsection.4.8.4}
\BOOKMARK [3][-]{subsubsection.4.8.4.4}{\376\377\000e\000l\000f\0003\0002\000\137\000g\000e\000t\000p\000h\000d\000r}{subsection.4.8.4}
\BOOKMARK [3][-]{subsubsection.4.8.4.5}{\376\377\000e\000l\000f\0003\0002\000\137\000g\000e\000t\000s\000h\000d\000r}{subsection.4.8.4}
\BOOKMARK [3][-]{subsubsection.4.8.4.6}{\376\377\000e\000l\000f\0003\0002\000\137\000n\000e\000w\000e\000h\000d\000r}{subsection.4.8.4}
\BOOKMARK [3][-]{subsubsection.4.8.4.7}{\376\377\000e\000l\000f\0003\0002\000\137\000n\000e\000w\000p\000h\000d\000r}{subsection.4.8.4}
\BOOKMARK [3][-]{subsubsection.4.8.4.8}{\376\377\000e\000l\000f\0003\0002\000\137\000o\000f\000f\000s\000c\000n}{subsection.4.8.4}
\BOOKMARK [3][-]{subsubsection.4.8.4.9}{\376\377\000e\000l\000f\0003\0002\000\137\000x\000l\000a\000t\000e\000t\000o\000f}{subsection.4.8.4}
\BOOKMARK [3][-]{subsubsection.4.8.4.10}{\376\377\000e\000l\000f\0003\0002\000\137\000x\000l\000a\000t\000e\000t\000o\000m}{subsection.4.8.4}
\BOOKMARK [3][-]{subsubsection.4.8.4.11}{\376\377\000e\000l\000f\0006\0004\000\137\000c\000h\000e\000c\000k\000s\000u\000m}{subsection.4.8.4}
\BOOKMARK [3][-]{subsubsection.4.8.4.12}{\376\377\000e\000l\000f\0006\0004\000\137\000f\000s\000i\000z\000e}{subsection.4.8.4}
\BOOKMARK [3][-]{subsubsection.4.8.4.13}{\376\377\000e\000l\000f\0006\0004\000\137\000g\000e\000t\000e\000h\000d\000r}{subsection.4.8.4}
\BOOKMARK [3][-]{subsubsection.4.8.4.14}{\376\377\000e\000l\000f\0006\0004\000\137\000g\000e\000t\000p\000h\000d\000r}{subsection.4.8.4}
\BOOKMARK [3][-]{subsubsection.4.8.4.15}{\376\377\000e\000l\000f\0006\0004\000\137\000g\000e\000t\000s\000h\000d\000r}{subsection.4.8.4}
\BOOKMARK [3][-]{subsubsection.4.8.4.16}{\376\377\000e\000l\000f\0006\0004\000\137\000n\000e\000w\000e\000h\000d\000r}{subsection.4.8.4}
\BOOKMARK [3][-]{subsubsection.4.8.4.17}{\376\377\000e\000l\000f\0006\0004\000\137\000n\000e\000w\000p\000h\000d\000r}{subsection.4.8.4}
\BOOKMARK [3][-]{subsubsection.4.8.4.18}{\376\377\000e\000l\000f\0006\0004\000\137\000o\000f\000f\000s\000c\000n}{subsection.4.8.4}
\BOOKMARK [3][-]{subsubsection.4.8.4.19}{\376\377\000e\000l\000f\0006\0004\000\137\000x\000l\000a\000t\000e\000t\000o\000f}{subsection.4.8.4}
\BOOKMARK [3][-]{subsubsection.4.8.4.20}{\376\377\000e\000l\000f\0006\0004\000\137\000x\000l\000a\000t\000e\000t\000o\000m}{subsection.4.8.4}
\BOOKMARK [3][-]{subsubsection.4.8.4.21}{\376\377\000e\000l\000f\000\137\000b\000e\000g\000i\000n}{subsection.4.8.4}
\BOOKMARK [3][-]{subsubsection.4.8.4.22}{\376\377\000e\000l\000f\000\137\000c\000l\000o\000n\000e}{subsection.4.8.4}
\BOOKMARK [3][-]{subsubsection.4.8.4.23}{\376\377\000e\000l\000f\000\137\000c\000n\000t\000l}{subsection.4.8.4}
\BOOKMARK [3][-]{subsubsection.4.8.4.24}{\376\377\000e\000l\000f\000\137\000e\000n\000d}{subsection.4.8.4}
\BOOKMARK [3][-]{subsubsection.4.8.4.25}{\376\377\000e\000l\000f\000\137\000e\000r\000r\000m\000s\000g}{subsection.4.8.4}
\BOOKMARK [3][-]{subsubsection.4.8.4.26}{\376\377\000e\000l\000f\000\137\000e\000r\000r\000n\000o}{subsection.4.8.4}
\BOOKMARK [3][-]{subsubsection.4.8.4.27}{\376\377\000e\000l\000f\000\137\000f\000i\000l\000l}{subsection.4.8.4}
\BOOKMARK [3][-]{subsubsection.4.8.4.28}{\376\377\000e\000l\000f\000\137\000f\000l\000a\000g\000d\000a\000t\000a}{subsection.4.8.4}
\BOOKMARK [3][-]{subsubsection.4.8.4.29}{\376\377\000e\000l\000f\000\137\000f\000l\000a\000g\000e\000h\000d\000r}{subsection.4.8.4}
\BOOKMARK [3][-]{subsubsection.4.8.4.30}{\376\377\000e\000l\000f\000\137\000f\000l\000a\000g\000e\000l\000f}{subsection.4.8.4}
\BOOKMARK [3][-]{subsubsection.4.8.4.31}{\376\377\000e\000l\000f\000\137\000f\000l\000a\000g\000p\000h\000d\000r}{subsection.4.8.4}
\BOOKMARK [3][-]{subsubsection.4.8.4.32}{\376\377\000e\000l\000f\000\137\000f\000l\000a\000g\000s\000c\000n}{subsection.4.8.4}
\BOOKMARK [3][-]{subsubsection.4.8.4.33}{\376\377\000e\000l\000f\000\137\000f\000l\000a\000g\000s\000h\000d\000r}{subsection.4.8.4}
\BOOKMARK [3][-]{subsubsection.4.8.4.34}{\376\377\000e\000l\000f\000\137\000g\000e\000t\000a\000r\000h\000d\000r}{subsection.4.8.4}
\BOOKMARK [3][-]{subsubsection.4.8.4.35}{\376\377\000e\000l\000f\000\137\000g\000e\000t\000a\000r\000o\000f\000f}{subsection.4.8.4}
\BOOKMARK [3][-]{subsubsection.4.8.4.36}{\376\377\000e\000l\000f\000\137\000g\000e\000t\000a\000r\000s\000y\000m}{subsection.4.8.4}
\BOOKMARK [3][-]{subsubsection.4.8.4.37}{\376\377\000e\000l\000f\000\137\000g\000e\000t\000b\000a\000s\000e}{subsection.4.8.4}
\BOOKMARK [3][-]{subsubsection.4.8.4.38}{\376\377\000e\000l\000f\000\137\000g\000e\000t\000d\000a\000t\000a}{subsection.4.8.4}
\BOOKMARK [3][-]{subsubsection.4.8.4.39}{\376\377\000e\000l\000f\000\137\000g\000e\000t\000d\000a\000t\000a\000\137\000r\000a\000w\000c\000h\000u\000n\000k}{subsection.4.8.4}
\BOOKMARK [3][-]{subsubsection.4.8.4.40}{\376\377\000e\000l\000f\000\137\000g\000e\000t\000i\000d\000e\000n\000t}{subsection.4.8.4}
\BOOKMARK [3][-]{subsubsection.4.8.4.41}{\376\377\000e\000l\000f\000\137\000g\000e\000t\000p\000h\000d\000r\000n\000u\000m}{subsection.4.8.4}
\BOOKMARK [3][-]{subsubsection.4.8.4.42}{\376\377\000e\000l\000f\000\137\000g\000e\000t\000s\000c\000n}{subsection.4.8.4}
\BOOKMARK [3][-]{subsubsection.4.8.4.43}{\376\377\000e\000l\000f\000\137\000g\000e\000t\000s\000h\000d\000r\000n\000u\000m}{subsection.4.8.4}
\BOOKMARK [3][-]{subsubsection.4.8.4.44}{\376\377\000e\000l\000f\000\137\000g\000e\000t\000s\000h\000d\000r\000s\000t\000r\000n\000d\000x}{subsection.4.8.4}
\BOOKMARK [3][-]{subsubsection.4.8.4.45}{\376\377\000e\000l\000f\000\137\000g\000e\000t\000s\000h\000n\000u\000m}{subsection.4.8.4}
\BOOKMARK [3][-]{subsubsection.4.8.4.46}{\376\377\000e\000l\000f\000\137\000g\000e\000t\000s\000h\000s\000t\000r\000n\000d\000x}{subsection.4.8.4}
\BOOKMARK [3][-]{subsubsection.4.8.4.47}{\376\377\000e\000l\000f\000\137\000g\000n\000u\000\137\000h\000a\000s\000h}{subsection.4.8.4}
\BOOKMARK [3][-]{subsubsection.4.8.4.48}{\376\377\000e\000l\000f\000\137\000h\000a\000s\000h}{subsection.4.8.4}
\BOOKMARK [3][-]{subsubsection.4.8.4.49}{\376\377\000e\000l\000f\000\137\000k\000i\000n\000d}{subsection.4.8.4}
\BOOKMARK [3][-]{subsubsection.4.8.4.50}{\376\377\000e\000l\000f\000\137\000m\000e\000m\000o\000r\000y}{subsection.4.8.4}
\BOOKMARK [3][-]{subsubsection.4.8.4.51}{\376\377\000e\000l\000f\000\137\000n\000d\000x\000s\000c\000n}{subsection.4.8.4}
\BOOKMARK [3][-]{subsubsection.4.8.4.52}{\376\377\000e\000l\000f\000\137\000n\000e\000w\000d\000a\000t\000a}{subsection.4.8.4}
\BOOKMARK [3][-]{subsubsection.4.8.4.53}{\376\377\000e\000l\000f\000\137\000n\000e\000w\000s\000c\000n}{subsection.4.8.4}
\BOOKMARK [3][-]{subsubsection.4.8.4.54}{\376\377\000e\000l\000f\000\137\000n\000e\000x\000t}{subsection.4.8.4}
\BOOKMARK [3][-]{subsubsection.4.8.4.55}{\376\377\000e\000l\000f\000\137\000n\000e\000x\000t\000s\000c\000n}{subsection.4.8.4}
\BOOKMARK [3][-]{subsubsection.4.8.4.56}{\376\377\000e\000l\000f\000\137\000r\000a\000n\000d}{subsection.4.8.4}
\BOOKMARK [3][-]{subsubsection.4.8.4.57}{\376\377\000e\000l\000f\000\137\000r\000a\000w\000d\000a\000t\000a}{subsection.4.8.4}
\BOOKMARK [3][-]{subsubsection.4.8.4.58}{\376\377\000e\000l\000f\000\137\000r\000a\000w\000f\000i\000l\000e}{subsection.4.8.4}
\BOOKMARK [3][-]{subsubsection.4.8.4.59}{\376\377\000e\000l\000f\000\137\000s\000c\000n\000s\000h\000n\000d\000x}{subsection.4.8.4}
\BOOKMARK [3][-]{subsubsection.4.8.4.60}{\376\377\000e\000l\000f\000\137\000s\000t\000r\000p\000t\000r}{subsection.4.8.4}
\BOOKMARK [3][-]{subsubsection.4.8.4.61}{\376\377\000e\000l\000f\000\137\000u\000p\000d\000a\000t\000e}{subsection.4.8.4}
\BOOKMARK [3][-]{subsubsection.4.8.4.62}{\376\377\000e\000l\000f\000\137\000v\000e\000r\000s\000i\000o\000n}{subsection.4.8.4}
\BOOKMARK [1][-]{section.4.9}{\376\377\000/\000h\000o\000m\000e\000/\000b\000e\000n\000\137\000j\000a\000h\000/\000B\000u\000r\000e\000a\000u\000/\000P\000r\000o\000j\000e\000t\000\137\000i\000n\000f\000o\000r\000m\000a\000t\000i\000q\000u\000e\000/\000s\000t\000e\000p\0002\000/\000i\000n\000c\000l\000u\000d\000e\000/\000m\000a\000n\000.\000h\000\040\000F\000i\000l\000e\000\040\000R\000e\000f\000e\000r\000e\000n\000c\000e}{chapter.4}
\BOOKMARK [2][-]{subsection.4.9.1}{\376\377\000F\000u\000n\000c\000t\000i\000o\000n\000\040\000D\000o\000c\000u\000m\000e\000n\000t\000a\000t\000i\000o\000n}{section.4.9}
\BOOKMARK [3][-]{subsubsection.4.9.1.1}{\376\377\000m\000a\000n}{subsection.4.9.1}
\BOOKMARK [1][-]{section.4.10}{\376\377\000/\000h\000o\000m\000e\000/\000b\000e\000n\000\137\000j\000a\000h\000/\000B\000u\000r\000e\000a\000u\000/\000P\000r\000o\000j\000e\000t\000\137\000i\000n\000f\000o\000r\000m\000a\000t\000i\000q\000u\000e\000/\000s\000t\000e\000p\0002\000/\000i\000n\000c\000l\000u\000d\000e\000/\000m\000i\000p\000s\000e\000l\000f\000.\000h\000\040\000F\000i\000l\000e\000\040\000R\000e\000f\000e\000r\000e\000n\000c\000e}{chapter.4}
\BOOKMARK [2][-]{subsection.4.10.1}{\376\377\000D\000e\000t\000a\000i\000l\000e\000d\000\040\000D\000e\000s\000c\000r\000i\000p\000t\000i\000o\000n}{section.4.10}
\BOOKMARK [2][-]{subsection.4.10.2}{\376\377\000D\000e\000f\000i\000n\000e\000\040\000D\000o\000c\000u\000m\000e\000n\000t\000a\000t\000i\000o\000n}{section.4.10}
\BOOKMARK [3][-]{subsubsection.4.10.2.1}{\376\377\000N\000U\000M\000Z\000O\000N\000E}{subsection.4.10.2}
\BOOKMARK [2][-]{subsection.4.10.3}{\376\377\000F\000u\000n\000c\000t\000i\000o\000n\000\040\000D\000o\000c\000u\000m\000e\000n\000t\000a\000t\000i\000o\000n}{section.4.10}
\BOOKMARK [3][-]{subsubsection.4.10.3.1}{\376\377\000a\000d\000d\000S\000y\000m\000b\000o\000l}{subsection.4.10.3}
\BOOKMARK [3][-]{subsubsection.4.10.3.2}{\376\377\000f\000r\000e\000e\000H\000a\000s\000h\000T\000a\000b\000l\000e}{subsection.4.10.3}
\BOOKMARK [3][-]{subsubsection.4.10.3.3}{\376\377\000g\000e\000t\000A\000d\000d\000r\000e\000s\000s\000N\000a\000m\000e}{subsection.4.10.3}
\BOOKMARK [3][-]{subsubsection.4.10.3.4}{\376\377\000g\000e\000t\000N\000a\000m\000e}{subsection.4.10.3}
\BOOKMARK [3][-]{subsubsection.4.10.3.5}{\376\377\000g\000e\000t\000S\000e\000c\000t\000i\000o\000n\000H\000e\000a\000d\000e\000r\000N\000a\000m\000e}{subsection.4.10.3}
\BOOKMARK [3][-]{subsubsection.4.10.3.6}{\376\377\000g\000e\000t\000S\000y\000m\000b}{subsection.4.10.3}
\BOOKMARK [3][-]{subsubsection.4.10.3.7}{\376\377\000h\000a\000s\000h\000C\000o\000d\000e}{subsection.4.10.3}
\BOOKMARK [3][-]{subsubsection.4.10.3.8}{\376\377\000m\000i\000p\000s\000l\000o\000a\000d\000e\000r}{subsection.4.10.3}
\BOOKMARK [3][-]{subsubsection.4.10.3.9}{\376\377\000p\000r\000i\000n\000t\000E\000L\000F\000S\000e\000c\000t\000i\000o\000n}{subsection.4.10.3}
\BOOKMARK [3][-]{subsubsection.4.10.3.10}{\376\377\000r\000e\000l\000o\000c\000N\000a\000m\000e}{subsection.4.10.3}
\BOOKMARK [3][-]{subsubsection.4.10.3.11}{\376\377\000s\000h\000t\000N\000a\000m\000e}{subsection.4.10.3}
\BOOKMARK [3][-]{subsubsection.4.10.3.12}{\376\377\000s\000t\000N\000a\000m\000e}{subsection.4.10.3}
\BOOKMARK [1][-]{section.4.11}{\376\377\000/\000h\000o\000m\000e\000/\000b\000e\000n\000\137\000j\000a\000h\000/\000B\000u\000r\000e\000a\000u\000/\000P\000r\000o\000j\000e\000t\000\137\000i\000n\000f\000o\000r\000m\000a\000t\000i\000q\000u\000e\000/\000s\000t\000e\000p\0002\000/\000i\000n\000c\000l\000u\000d\000e\000/\000n\000o\000t\000i\000f\000y\000.\000h\000\040\000F\000i\000l\000e\000\040\000R\000e\000f\000e\000r\000e\000n\000c\000e}{chapter.4}
\BOOKMARK [2][-]{subsection.4.11.1}{\376\377\000D\000e\000t\000a\000i\000l\000e\000d\000\040\000D\000e\000s\000c\000r\000i\000p\000t\000i\000o\000n}{section.4.11}
\BOOKMARK [2][-]{subsection.4.11.2}{\376\377\000D\000e\000f\000i\000n\000e\000\040\000D\000o\000c\000u\000m\000e\000n\000t\000a\000t\000i\000o\000n}{section.4.11}
\BOOKMARK [3][-]{subsubsection.4.11.2.1}{\376\377\000C\000O\000L\000O\000R}{subsection.4.11.2}
\BOOKMARK [3][-]{subsubsection.4.11.2.2}{\376\377\000C\000O\000L\000O\000R\000\137\000B\000L\000A\000C\000K}{subsection.4.11.2}
\BOOKMARK [3][-]{subsubsection.4.11.2.3}{\376\377\000C\000O\000L\000O\000R\000\137\000B\000L\000U\000E}{subsection.4.11.2}
\BOOKMARK [3][-]{subsubsection.4.11.2.4}{\376\377\000C\000O\000L\000O\000R\000\137\000C\000Y\000A\000N}{subsection.4.11.2}
\BOOKMARK [3][-]{subsubsection.4.11.2.5}{\376\377\000C\000O\000L\000O\000R\000\137\000E\000R\000R\000O\000R}{subsection.4.11.2}
\BOOKMARK [3][-]{subsubsection.4.11.2.6}{\376\377\000C\000O\000L\000O\000R\000\137\000G\000R\000E\000E\000N}{subsection.4.11.2}
\BOOKMARK [3][-]{subsubsection.4.11.2.7}{\376\377\000C\000O\000L\000O\000R\000\137\000I\000N\000F\000O}{subsection.4.11.2}
\BOOKMARK [3][-]{subsubsection.4.11.2.8}{\376\377\000C\000O\000L\000O\000R\000\137\000M\000A\000G\000E\000N\000T\000A}{subsection.4.11.2}
\BOOKMARK [3][-]{subsubsection.4.11.2.9}{\376\377\000C\000O\000L\000O\000R\000\137\000R\000E\000D}{subsection.4.11.2}
\BOOKMARK [3][-]{subsubsection.4.11.2.10}{\376\377\000C\000O\000L\000O\000R\000\137\000W\000A\000R\000N\000I\000N\000G}{subsection.4.11.2}
\BOOKMARK [3][-]{subsubsection.4.11.2.11}{\376\377\000C\000O\000L\000O\000R\000\137\000W\000H\000I\000T\000E}{subsection.4.11.2}
\BOOKMARK [3][-]{subsubsection.4.11.2.12}{\376\377\000C\000O\000L\000O\000R\000\137\000Y\000E\000L\000L\000O\000W}{subsection.4.11.2}
\BOOKMARK [3][-]{subsubsection.4.11.2.13}{\376\377\000D\000E\000B\000U\000G\000\137\000M\000S\000G}{subsection.4.11.2}
\BOOKMARK [3][-]{subsubsection.4.11.2.14}{\376\377\000E\000R\000R\000O\000R\000\137\000M\000S\000G}{subsection.4.11.2}
\BOOKMARK [3][-]{subsubsection.4.11.2.15}{\376\377\000F\000O\000R\000\137\000E\000R\000R\000O\000R\000S}{subsection.4.11.2}
\BOOKMARK [3][-]{subsubsection.4.11.2.16}{\376\377\000F\000O\000R\000\137\000I\000N\000F\000O\000S}{subsection.4.11.2}
\BOOKMARK [3][-]{subsubsection.4.11.2.17}{\376\377\000F\000O\000R\000\137\000W\000A\000R\000N\000I\000N\000G\000S}{subsection.4.11.2}
\BOOKMARK [3][-]{subsubsection.4.11.2.18}{\376\377\000I\000N\000F\000O\000\137\000M\000S\000G}{subsection.4.11.2}
\BOOKMARK [3][-]{subsubsection.4.11.2.19}{\376\377\000O\000N}{subsection.4.11.2}
\BOOKMARK [3][-]{subsubsection.4.11.2.20}{\376\377\000R\000E\000S\000E\000T\000\137\000C\000O\000L\000O\000R\000S}{subsection.4.11.2}
\BOOKMARK [3][-]{subsubsection.4.11.2.21}{\376\377\000S\000E\000T\000\137\000C\000O\000L\000O\000R\000S}{subsection.4.11.2}
\BOOKMARK [3][-]{subsubsection.4.11.2.22}{\376\377\000S\000T\000Y\000L\000E}{subsection.4.11.2}
\BOOKMARK [3][-]{subsubsection.4.11.2.23}{\376\377\000S\000T\000Y\000L\000E\000\137\000B\000L\000I\000N\000K}{subsection.4.11.2}
\BOOKMARK [3][-]{subsubsection.4.11.2.24}{\376\377\000S\000T\000Y\000L\000E\000\137\000B\000O\000L\000D}{subsection.4.11.2}
\BOOKMARK [3][-]{subsubsection.4.11.2.25}{\376\377\000S\000T\000Y\000L\000E\000\137\000C\000O\000N\000C\000E\000A\000L\000E\000D}{subsection.4.11.2}
\BOOKMARK [3][-]{subsubsection.4.11.2.26}{\376\377\000S\000T\000Y\000L\000E\000\137\000E\000R\000R\000O\000R}{subsection.4.11.2}
\BOOKMARK [3][-]{subsubsection.4.11.2.27}{\376\377\000S\000T\000Y\000L\000E\000\137\000I\000N\000F\000O}{subsection.4.11.2}
\BOOKMARK [3][-]{subsubsection.4.11.2.28}{\376\377\000S\000T\000Y\000L\000E\000\137\000O\000F\000F}{subsection.4.11.2}
\BOOKMARK [3][-]{subsubsection.4.11.2.29}{\376\377\000S\000T\000Y\000L\000E\000\137\000R\000E\000V\000E\000R\000S\000E}{subsection.4.11.2}
\BOOKMARK [3][-]{subsubsection.4.11.2.30}{\376\377\000S\000T\000Y\000L\000E\000\137\000U\000S\000C\000O\000R\000E}{subsection.4.11.2}
\BOOKMARK [3][-]{subsubsection.4.11.2.31}{\376\377\000S\000T\000Y\000L\000E\000\137\000W\000A\000R\000N\000I\000N\000G}{subsection.4.11.2}
\BOOKMARK [3][-]{subsubsection.4.11.2.32}{\376\377\000W\000A\000R\000N\000I\000N\000G\000\137\000M\000S\000G}{subsection.4.11.2}
\BOOKMARK [1][-]{section.4.12}{\376\377\000/\000h\000o\000m\000e\000/\000b\000e\000n\000\137\000j\000a\000h\000/\000B\000u\000r\000e\000a\000u\000/\000P\000r\000o\000j\000e\000t\000\137\000i\000n\000f\000o\000r\000m\000a\000t\000i\000q\000u\000e\000/\000s\000t\000e\000p\0002\000/\000i\000n\000c\000l\000u\000d\000e\000/\000s\000t\000r\000u\000c\000t\000u\000r\000e\000.\000h\000\040\000F\000i\000l\000e\000\040\000R\000e\000f\000e\000r\000e\000n\000c\000e}{chapter.4}
\BOOKMARK [2][-]{subsection.4.12.1}{\376\377\000D\000e\000f\000i\000n\000e\000\040\000D\000o\000c\000u\000m\000e\000n\000t\000a\000t\000i\000o\000n}{section.4.12}
\BOOKMARK [3][-]{subsubsection.4.12.1.1}{\376\377\000B\000S\000S}{subsection.4.12.1}
\BOOKMARK [3][-]{subsubsection.4.12.1.2}{\376\377\000D\000A\000T\000A}{subsection.4.12.1}
\BOOKMARK [3][-]{subsubsection.4.12.1.3}{\376\377\000T\000E\000X\000T}{subsection.4.12.1}
\BOOKMARK [1][-]{section.4.13}{\376\377\000/\000h\000o\000m\000e\000/\000b\000e\000n\000\137\000j\000a\000h\000/\000B\000u\000r\000e\000a\000u\000/\000P\000r\000o\000j\000e\000t\000\137\000i\000n\000f\000o\000r\000m\000a\000t\000i\000q\000u\000e\000/\000s\000t\000e\000p\0002\000/\000i\000n\000c\000l\000u\000d\000e\000/\000t\000e\000s\000t\000s\000S\000t\000e\000p\0001\000.\000h\000\040\000F\000i\000l\000e\000\040\000R\000e\000f\000e\000r\000e\000n\000c\000e}{chapter.4}
\BOOKMARK [2][-]{subsection.4.13.1}{\376\377\000F\000u\000n\000c\000t\000i\000o\000n\000\040\000D\000o\000c\000u\000m\000e\000n\000t\000a\000t\000i\000o\000n}{section.4.13}
\BOOKMARK [3][-]{subsubsection.4.13.1.1}{\376\377\000t\000e\000s\000t\000\137\000m\000e\000m\000o\000i\000r\000e}{subsection.4.13.1}
\BOOKMARK [3][-]{subsubsection.4.13.1.2}{\376\377\000t\000e\000s\000t\000\137\000r\000e\000g\000i\000s\000t\000r\000e}{subsection.4.13.1}
\BOOKMARK [3][-]{subsubsection.4.13.1.3}{\376\377\000t\000e\000s\000t\000\137\000v\000a\000l\000e\000u\000r}{subsection.4.13.1}
\BOOKMARK [1][-]{section.4.14}{\376\377\000/\000h\000o\000m\000e\000/\000b\000e\000n\000\137\000j\000a\000h\000/\000B\000u\000r\000e\000a\000u\000/\000P\000r\000o\000j\000e\000t\000\137\000i\000n\000f\000o\000r\000m\000a\000t\000i\000q\000u\000e\000/\000s\000t\000e\000p\0002\000/\000s\000r\000c\000/\000c\000m\000d\000S\000e\000a\000r\000c\000h\000.\000c\000\040\000F\000i\000l\000e\000\040\000R\000e\000f\000e\000r\000e\000n\000c\000e}{chapter.4}
\BOOKMARK [2][-]{subsection.4.14.1}{\376\377\000F\000u\000n\000c\000t\000i\000o\000n\000\040\000D\000o\000c\000u\000m\000e\000n\000t\000a\000t\000i\000o\000n}{section.4.14}
\BOOKMARK [3][-]{subsubsection.4.14.1.1}{\376\377\000c\000m\000d\000S\000e\000a\000r\000c\000h}{subsection.4.14.1}
\BOOKMARK [1][-]{section.4.15}{\376\377\000/\000h\000o\000m\000e\000/\000b\000e\000n\000\137\000j\000a\000h\000/\000B\000u\000r\000e\000a\000u\000/\000P\000r\000o\000j\000e\000t\000\137\000i\000n\000f\000o\000r\000m\000a\000t\000i\000q\000u\000e\000/\000s\000t\000e\000p\0002\000/\000s\000r\000c\000/\000f\000o\000n\000c\000t\000i\000o\000n\000s\000.\000c\000\040\000F\000i\000l\000e\000\040\000R\000e\000f\000e\000r\000e\000n\000c\000e}{chapter.4}
\BOOKMARK [2][-]{subsection.4.15.1}{\376\377\000F\000u\000n\000c\000t\000i\000o\000n\000\040\000D\000o\000c\000u\000m\000e\000n\000t\000a\000t\000i\000o\000n}{section.4.15}
\BOOKMARK [3][-]{subsubsection.4.15.1.1}{\376\377\000a\000c\000q\000u\000i\000r\000e\000\137\000l\000i\000n\000e}{subsection.4.15.1}
\BOOKMARK [3][-]{subsubsection.4.15.1.2}{\376\377\000e\000x\000e\000c\000u\000t\000e\000\137\000c\000m\000d\000\137\000e\000x\000i\000t}{subsection.4.15.1}
\BOOKMARK [3][-]{subsubsection.4.15.1.3}{\376\377\000e\000x\000e\000c\000u\000t\000e\000\137\000c\000m\000d\000\137\000t\000e\000s\000t\000c\000m\000d}{subsection.4.15.1}
\BOOKMARK [3][-]{subsubsection.4.15.1.4}{\376\377\000p\000a\000r\000s\000e\000\137\000a\000n\000d\000\137\000e\000x\000e\000c\000u\000t\000e\000\137\000c\000m\000d\000\137\000e\000x\000i\000t}{subsection.4.15.1}
\BOOKMARK [3][-]{subsubsection.4.15.1.5}{\376\377\000p\000a\000r\000s\000e\000\137\000a\000n\000d\000\137\000e\000x\000e\000c\000u\000t\000e\000\137\000c\000m\000d\000\137\000s\000t\000r\000i\000n\000g}{subsection.4.15.1}
\BOOKMARK [3][-]{subsubsection.4.15.1.6}{\376\377\000p\000a\000r\000s\000e\000\137\000a\000n\000d\000\137\000e\000x\000e\000c\000u\000t\000e\000\137\000c\000m\000d\000\137\000t\000e\000s\000t\000c\000m\000d}{subsection.4.15.1}
\BOOKMARK [3][-]{subsubsection.4.15.1.7}{\376\377\000u\000s\000a\000g\000e\000\137\000E\000R\000R\000O\000R\000\137\000M\000S\000G}{subsection.4.15.1}
\BOOKMARK [1][-]{section.4.16}{\376\377\000/\000h\000o\000m\000e\000/\000b\000e\000n\000\137\000j\000a\000h\000/\000B\000u\000r\000e\000a\000u\000/\000P\000r\000o\000j\000e\000t\000\137\000i\000n\000f\000o\000r\000m\000a\000t\000i\000q\000u\000e\000/\000s\000t\000e\000p\0002\000/\000s\000r\000c\000/\000f\000o\000n\000c\000t\000i\000o\000n\000s\000S\000t\000e\000p\0001\000.\000c\000\040\000F\000i\000l\000e\000\040\000R\000e\000f\000e\000r\000e\000n\000c\000e}{chapter.4}
\BOOKMARK [2][-]{subsection.4.16.1}{\376\377\000F\000u\000n\000c\000t\000i\000o\000n\000\040\000D\000o\000c\000u\000m\000e\000n\000t\000a\000t\000i\000o\000n}{section.4.16}
\BOOKMARK [3][-]{subsubsection.4.16.1.1}{\376\377\000e\000x\000e\000c\000u\000t\000e\000\137\000c\000m\000d\000\137\000d\000m}{subsection.4.16.1}
\BOOKMARK [3][-]{subsubsection.4.16.1.2}{\376\377\000e\000x\000e\000c\000u\000t\000e\000\137\000c\000m\000d\000\137\000d\000r}{subsection.4.16.1}
\BOOKMARK [3][-]{subsubsection.4.16.1.3}{\376\377\000e\000x\000e\000c\000u\000t\000e\000\137\000c\000m\000d\000\137\000l\000m}{subsection.4.16.1}
\BOOKMARK [3][-]{subsubsection.4.16.1.4}{\376\377\000e\000x\000e\000c\000u\000t\000e\000\137\000c\000m\000d\000\137\000l\000r}{subsection.4.16.1}
\BOOKMARK [3][-]{subsubsection.4.16.1.5}{\376\377\000i\000n\000i\000t\000\137\000m\000i\000p\000s}{subsection.4.16.1}
\BOOKMARK [3][-]{subsubsection.4.16.1.6}{\376\377\000i\000n\000i\000t\000\137\000s\000e\000g\000m\000e\000n\000t}{subsection.4.16.1}
\BOOKMARK [3][-]{subsubsection.4.16.1.7}{\376\377\000p\000a\000r\000s\000e\000\137\000a\000n\000d\000\137\000e\000x\000e\000c\000u\000t\000e\000\137\000c\000m\000d\000\137\000d\000m}{subsection.4.16.1}
\BOOKMARK [3][-]{subsubsection.4.16.1.8}{\376\377\000p\000a\000r\000s\000e\000\137\000a\000n\000d\000\137\000e\000x\000e\000c\000u\000t\000e\000\137\000c\000m\000d\000\137\000d\000r}{subsection.4.16.1}
\BOOKMARK [3][-]{subsubsection.4.16.1.9}{\376\377\000p\000a\000r\000s\000e\000\137\000a\000n\000d\000\137\000e\000x\000e\000c\000u\000t\000e\000\137\000c\000m\000d\000\137\000l\000m}{subsection.4.16.1}
\BOOKMARK [3][-]{subsubsection.4.16.1.10}{\376\377\000p\000a\000r\000s\000e\000\137\000a\000n\000d\000\137\000e\000x\000e\000c\000u\000t\000e\000\137\000c\000m\000d\000\137\000l\000r}{subsection.4.16.1}
\BOOKMARK [1][-]{section.4.17}{\376\377\000/\000h\000o\000m\000e\000/\000b\000e\000n\000\137\000j\000a\000h\000/\000B\000u\000r\000e\000a\000u\000/\000P\000r\000o\000j\000e\000t\000\137\000i\000n\000f\000o\000r\000m\000a\000t\000i\000q\000u\000e\000/\000s\000t\000e\000p\0002\000/\000s\000r\000c\000/\000f\000o\000n\000c\000t\000i\000o\000n\000s\000S\000t\000e\000p\0002\000.\000c\000\040\000F\000i\000l\000e\000\040\000R\000e\000f\000e\000r\000e\000n\000c\000e}{chapter.4}
\BOOKMARK [2][-]{subsection.4.17.1}{\376\377\000F\000u\000n\000c\000t\000i\000o\000n\000\040\000D\000o\000c\000u\000m\000e\000n\000t\000a\000t\000i\000o\000n}{section.4.17}
\BOOKMARK [3][-]{subsubsection.4.17.1.1}{\376\377\000e\000x\000e\000c\000u\000t\000e\000\137\000c\000m\000d\000\137\000d\000a}{subsection.4.17.1}
\BOOKMARK [3][-]{subsubsection.4.17.1.2}{\376\377\000e\000x\000e\000c\000u\000t\000e\000\137\000c\000m\000d\000\137\000l\000p}{subsection.4.17.1}
\BOOKMARK [3][-]{subsubsection.4.17.1.3}{\376\377\000g\000e\000t\000b\000i\000t\000s}{subsection.4.17.1}
\BOOKMARK [3][-]{subsubsection.4.17.1.4}{\376\377\000p\000a\000r\000s\000e\000\137\000a\000n\000d\000\137\000e\000x\000e\000c\000u\000t\000e\000\137\000c\000m\000d\000\137\000d\000a}{subsection.4.17.1}
\BOOKMARK [3][-]{subsubsection.4.17.1.5}{\376\377\000p\000a\000r\000s\000e\000\137\000a\000n\000d\000\137\000e\000x\000e\000c\000u\000t\000e\000\137\000c\000m\000d\000\137\000l\000p}{subsection.4.17.1}
\BOOKMARK [1][-]{section.4.18}{\376\377\000/\000h\000o\000m\000e\000/\000b\000e\000n\000\137\000j\000a\000h\000/\000B\000u\000r\000e\000a\000u\000/\000P\000r\000o\000j\000e\000t\000\137\000i\000n\000f\000o\000r\000m\000a\000t\000i\000q\000u\000e\000/\000s\000t\000e\000p\0002\000/\000s\000r\000c\000/\000m\000a\000n\000.\000c\000\040\000F\000i\000l\000e\000\040\000R\000e\000f\000e\000r\000e\000n\000c\000e}{chapter.4}
\BOOKMARK [2][-]{subsection.4.18.1}{\376\377\000F\000u\000n\000c\000t\000i\000o\000n\000\040\000D\000o\000c\000u\000m\000e\000n\000t\000a\000t\000i\000o\000n}{section.4.18}
\BOOKMARK [3][-]{subsubsection.4.18.1.1}{\376\377\000m\000a\000n}{subsection.4.18.1}
\BOOKMARK [1][-]{section.4.19}{\376\377\000/\000h\000o\000m\000e\000/\000b\000e\000n\000\137\000j\000a\000h\000/\000B\000u\000r\000e\000a\000u\000/\000P\000r\000o\000j\000e\000t\000\137\000i\000n\000f\000o\000r\000m\000a\000t\000i\000q\000u\000e\000/\000s\000t\000e\000p\0002\000/\000s\000r\000c\000/\000m\000i\000p\000s\000e\000l\000f\000.\000c\000\040\000F\000i\000l\000e\000\040\000R\000e\000f\000e\000r\000e\000n\000c\000e}{chapter.4}
\BOOKMARK [2][-]{subsection.4.19.1}{\376\377\000D\000e\000f\000i\000n\000e\000\040\000D\000o\000c\000u\000m\000e\000n\000t\000a\000t\000i\000o\000n}{section.4.19}
\BOOKMARK [3][-]{subsubsection.4.19.1.1}{\376\377\000H\000A\000S\000H\000S\000I\000Z\000E}{subsection.4.19.1}
\BOOKMARK [2][-]{subsection.4.19.2}{\376\377\000T\000y\000p\000e\000d\000e\000f\000\040\000D\000o\000c\000u\000m\000e\000n\000t\000a\000t\000i\000o\000n}{section.4.19}
\BOOKMARK [3][-]{subsubsection.4.19.2.1}{\376\377\000l\000i\000s\000t\000S\000y\000m\000b\000o\000l\000e\000s}{subsection.4.19.2}
\BOOKMARK [2][-]{subsection.4.19.3}{\376\377\000F\000u\000n\000c\000t\000i\000o\000n\000\040\000D\000o\000c\000u\000m\000e\000n\000t\000a\000t\000i\000o\000n}{section.4.19}
\BOOKMARK [3][-]{subsubsection.4.19.3.1}{\376\377\000a\000d\000d\000S\000y\000m\000b\000o\000l}{subsection.4.19.3}
\BOOKMARK [3][-]{subsubsection.4.19.3.2}{\376\377\000f\000r\000e\000e\000H\000a\000s\000h\000T\000a\000b\000l\000e}{subsection.4.19.3}
\BOOKMARK [3][-]{subsubsection.4.19.3.3}{\376\377\000g\000e\000t\000A\000d\000d\000r\000e\000s\000s\000N\000a\000m\000e}{subsection.4.19.3}
\BOOKMARK [3][-]{subsubsection.4.19.3.4}{\376\377\000g\000e\000t\000N\000a\000m\000e}{subsection.4.19.3}
\BOOKMARK [3][-]{subsubsection.4.19.3.5}{\376\377\000g\000e\000t\000S\000e\000c\000t\000i\000o\000n\000H\000e\000a\000d\000e\000r\000N\000a\000m\000e}{subsection.4.19.3}
\BOOKMARK [3][-]{subsubsection.4.19.3.6}{\376\377\000g\000e\000t\000S\000y\000m\000b}{subsection.4.19.3}
\BOOKMARK [3][-]{subsubsection.4.19.3.7}{\376\377\000h\000a\000s\000h\000C\000o\000d\000e}{subsection.4.19.3}
\BOOKMARK [3][-]{subsubsection.4.19.3.8}{\376\377\000m\000i\000p\000s\000l\000o\000a\000d\000e\000r}{subsection.4.19.3}
\BOOKMARK [3][-]{subsubsection.4.19.3.9}{\376\377\000p\000r\000i\000n\000t\000E\000L\000F\000S\000e\000c\000t\000i\000o\000n}{subsection.4.19.3}
\BOOKMARK [3][-]{subsubsection.4.19.3.10}{\376\377\000r\000e\000l\000o\000c\000N\000a\000m\000e}{subsection.4.19.3}
\BOOKMARK [3][-]{subsubsection.4.19.3.11}{\376\377\000s\000h\000t\000N\000a\000m\000e}{subsection.4.19.3}
\BOOKMARK [3][-]{subsubsection.4.19.3.12}{\376\377\000s\000t\000N\000a\000m\000e}{subsection.4.19.3}
\BOOKMARK [1][-]{section.4.20}{\376\377\000/\000h\000o\000m\000e\000/\000b\000e\000n\000\137\000j\000a\000h\000/\000B\000u\000r\000e\000a\000u\000/\000P\000r\000o\000j\000e\000t\000\137\000i\000n\000f\000o\000r\000m\000a\000t\000i\000q\000u\000e\000/\000s\000t\000e\000p\0002\000/\000s\000r\000c\000/\000s\000i\000m\000M\000i\000p\000s\000.\000c\000\040\000F\000i\000l\000e\000\040\000R\000e\000f\000e\000r\000e\000n\000c\000e}{chapter.4}
\BOOKMARK [2][-]{subsection.4.20.1}{\376\377\000D\000e\000t\000a\000i\000l\000e\000d\000\040\000D\000e\000s\000c\000r\000i\000p\000t\000i\000o\000n}{section.4.20}
\BOOKMARK [2][-]{subsection.4.20.2}{\376\377\000F\000u\000n\000c\000t\000i\000o\000n\000\040\000D\000o\000c\000u\000m\000e\000n\000t\000a\000t\000i\000o\000n}{section.4.20}
\BOOKMARK [3][-]{subsubsection.4.20.2.1}{\376\377\000m\000a\000i\000n}{subsection.4.20.2}
\BOOKMARK [1][-]{section.4.21}{\376\377\000/\000h\000o\000m\000e\000/\000b\000e\000n\000\137\000j\000a\000h\000/\000B\000u\000r\000e\000a\000u\000/\000P\000r\000o\000j\000e\000t\000\137\000i\000n\000f\000o\000r\000m\000a\000t\000i\000q\000u\000e\000/\000s\000t\000e\000p\0002\000/\000s\000r\000c\000/\000t\000e\000s\000t\000s\000S\000t\000e\000p\0001\000.\000c\000\040\000F\000i\000l\000e\000\040\000R\000e\000f\000e\000r\000e\000n\000c\000e}{chapter.4}
\BOOKMARK [2][-]{subsection.4.21.1}{\376\377\000F\000u\000n\000c\000t\000i\000o\000n\000\040\000D\000o\000c\000u\000m\000e\000n\000t\000a\000t\000i\000o\000n}{section.4.21}
\BOOKMARK [3][-]{subsubsection.4.21.1.1}{\376\377\000t\000e\000s\000t\000\137\000m\000e\000m\000o\000i\000r\000e}{subsection.4.21.1}
\BOOKMARK [3][-]{subsubsection.4.21.1.2}{\376\377\000t\000e\000s\000t\000\137\000r\000e\000g\000i\000s\000t\000r\000e}{subsection.4.21.1}
\BOOKMARK [3][-]{subsubsection.4.21.1.3}{\376\377\000t\000e\000s\000t\000\137\000v\000a\000l\000e\000u\000r}{subsection.4.21.1}
